------------------------------------------------------------
Client connecting to 10.0.0.2, TCP port 5001
TCP window size: 85.3 KByte (default)
------------------------------------------------------------
[ ID] Interval       Transfer     Bandwidth
[  3] 0.0-1.0 sec    2.5 MBytes  19.7 Mbits/sec
[  3] 1.0-2.0 sec    5.1 MBytes  40.9 Mbits/sec
[  3] 2.0-3.0 sec    0.9 MBytes  7.1 Mbits/sec
[  3] 3.0-4.0 sec    0.9 MBytes  7.2 Mbits/sec
[  3] 4.0-5.0 sec    2.3 MBytes  18.2 Mbits/sec
[  3] 5.0-6.0 sec    2.2 MBytes  17.7 Mbits/sec
[  3] 6.0-7.0 sec    3.0 MBytes  24.0 Mbits/sec
[  3] 7.0-8.0 sec    2.4 MBytes  19.4 Mbits/sec
[  3] 8.0-9.0 sec    4.0 MBytes  31.8 Mbits/sec
[  3] 9.0-10.0 sec    4.6 MBytes  37.2 Mbits/sec
[  3] 10.0-11.0 sec    4.9 MBytes  39.4 Mbits/sec
[  3] 11.0-12.0 sec    4.9 MBytes  38.9 Mbits/sec
[  3] 12.0-13.0 sec    0.8 MBytes  6.0 Mbits/sec
[  3] 13.0-14.0 sec    1.2 MBytes  9.8 Mbits/sec
[  3] 14.0-15.0 sec    2.4 MBytes  19.0 Mbits/sec
[  3] 15.0-16.0 sec    1.6 MBytes  12.4 Mbits/sec
[  3] 16.0-17.0 sec    3.0 MBytes  23.6 Mbits/sec
[  3] 17.0-18.0 sec    5.8 MBytes  46.4 Mbits/sec
[  3] 18.0-19.0 sec    4.1 MBytes  33.1 Mbits/sec
[  3] 19.0-20.0 sec    1.7 MBytes  13.4 Mbits/sec
[  3] 20.0-21.0 sec    3.0 MBytes  24.2 Mbits/sec
[  3] 21.0-22.0 sec    3.2 MBytes  25.5 Mbits/sec
[  3] 22.0-23.0 sec    4.9 MBytes  39.3 Mbits/sec
[  3] 23.0-24.0 sec    5.0 MBytes  39.9 Mbits/sec
[  3] 24.0-25.0 sec    5.0 MBytes  40.3 Mbits/sec
[  3] 25.0-26.0 sec    2.1 MBytes  16.9 Mbits/sec
[  3] 26.0-27.0 sec    2.3 MBytes  18.2 Mbits/sec
[  3] 27.0-28.0 sec    2.7 MBytes  21.7 Mbits/sec
[  3] 28.0-29.0 sec    4.3 MBytes  34.5 Mbits/sec
[  3] 0.0-30.0 sec    92.2 MBytes  24.6 Mbits/sec
