------------------------------------------------------------
Client connecting to 10.0.0.2, TCP port 5001
TCP window size: 85.3 KByte (default)
------------------------------------------------------------
[ ID] Interval       Transfer     Bandwidth
[  3] 0.0-1.0 sec    2.6 MBytes  20.5 Mbits/sec
[  3] 1.0-2.0 sec    4.3 MBytes  34.7 Mbits/sec
[  3] 2.0-3.0 sec    2.1 MBytes  17.1 Mbits/sec
[  3] 3.0-4.0 sec    3.6 MBytes  28.5 Mbits/sec
[  3] 4.0-5.0 sec    2.9 MBytes  23.5 Mbits/sec
[  3] 5.0-6.0 sec    2.5 MBytes  20.2 Mbits/sec
[  3] 6.0-7.0 sec    4.5 MBytes  36.4 Mbits/sec
[  3] 7.0-8.0 sec    2.2 MBytes  17.3 Mbits/sec
[  3] 8.0-9.0 sec    2.8 MBytes  22.3 Mbits/sec
[  3] 9.0-10.0 sec    3.7 MBytes  29.8 Mbits/sec
[  3] 10.0-11.0 sec    4.4 MBytes  35.0 Mbits/sec
[  3] 11.0-12.0 sec    4.6 MBytes  36.7 Mbits/sec
[  3] 12.0-13.0 sec    4.3 MBytes  34.5 Mbits/sec
[  3] 13.0-14.0 sec    4.7 MBytes  37.2 Mbits/sec
[  3] 14.0-15.0 sec    2.7 MBytes  21.9 Mbits/sec
[  3] 15.0-16.0 sec    4.7 MBytes  37.9 Mbits/sec
[  3] 16.0-17.0 sec    4.0 MBytes  31.7 Mbits/sec
[  3] 17.0-18.0 sec    1.1 MBytes  8.8 Mbits/sec
[  3] 18.0-19.0 sec    1.6 MBytes  13.0 Mbits/sec
[  3] 19.0-20.0 sec    0.9 MBytes  6.9 Mbits/sec
[  3] 20.0-21.0 sec    2.7 MBytes  21.6 Mbits/sec
[  3] 21.0-22.0 sec    2.6 MBytes  20.6 Mbits/sec
[  3] 22.0-23.0 sec    2.2 MBytes  17.9 Mbits/sec
[  3] 23.0-24.0 sec    2.9 MBytes  23.5 Mbits/sec
[  3] 24.0-25.0 sec    3.7 MBytes  29.9 Mbits/sec
[  3] 25.0-26.0 sec    3.1 MBytes  24.8 Mbits/sec
[  3] 26.0-27.0 sec    3.9 MBytes  30.9 Mbits/sec
[  3] 27.0-28.0 sec    2.0 MBytes  16.0 Mbits/sec
[  3] 28.0-29.0 sec    1.5 MBytes  11.8 Mbits/sec
[  3] 0.0-30.0 sec    91.0 MBytes  24.3 Mbits/sec
