------------------------------------------------------------
Client connecting to 10.0.0.2, TCP port 5001
TCP window size: 85.3 KByte (default)
------------------------------------------------------------
[ ID] Interval       Transfer     Bandwidth
[  3] 0.0-1.0 sec    2.8 MBytes  22.2 Mbits/sec
[  3] 1.0-2.0 sec    1.2 MBytes  9.5 Mbits/sec
[  3] 2.0-3.0 sec    1.8 MBytes  14.5 Mbits/sec
[  3] 3.0-4.0 sec    1.6 MBytes  13.2 Mbits/sec
[  3] 4.0-5.0 sec    2.1 MBytes  16.5 Mbits/sec
[  3] 5.0-6.0 sec    2.7 MBytes  21.6 Mbits/sec
[  3] 6.0-7.0 sec    4.4 MBytes  34.8 Mbits/sec
[  3] 7.0-8.0 sec    6.4 MBytes  51.1 Mbits/sec
[  3] 8.0-9.0 sec    9.0 MBytes  72.1 Mbits/sec
[  3] 9.0-10.0 sec    9.5 MBytes  75.9 Mbits/sec
[  3] 10.0-11.0 sec    10.1 MBytes  80.6 Mbits/sec
[  3] 11.0-12.0 sec    10.6 MBytes  84.9 Mbits/sec
[  3] 12.0-13.0 sec    10.4 MBytes  83.5 Mbits/sec
[  3] 13.0-14.0 sec    10.6 MBytes  84.8 Mbits/sec
[  3] 14.0-15.0 sec    11.0 MBytes  88.2 Mbits/sec
[  3] 15.0-16.0 sec    11.1 MBytes  88.7 Mbits/sec
[  3] 16.0-17.0 sec    11.2 MBytes  89.4 Mbits/sec
[  3] 17.0-18.0 sec    1.2 MBytes  10.0 Mbits/sec
[  3] 18.0-19.0 sec    1.6 MBytes  12.9 Mbits/sec
[  3] 19.0-20.0 sec    3.0 MBytes  24.1 Mbits/sec
[  3] 20.0-21.0 sec    3.9 MBytes  31.3 Mbits/sec
[  3] 21.0-22.0 sec    6.0 MBytes  48.0 Mbits/sec
[  3] 22.0-23.0 sec    9.5 MBytes  76.3 Mbits/sec
[  3] 23.0-24.0 sec    1.4 MBytes  11.5 Mbits/sec
[  3] 24.0-25.0 sec    1.9 MBytes  15.3 Mbits/sec
[  3] 25.0-26.0 sec    2.8 MBytes  22.3 Mbits/sec
[  3] 26.0-27.0 sec    4.1 MBytes  33.1 Mbits/sec
[  3] 27.0-28.0 sec    6.2 MBytes  49.7 Mbits/sec
[  3] 28.0-29.0 sec    9.8 MBytes  78.1 Mbits/sec
[  3] 0.0-30.0 sec    170.0 MBytes  45.3 Mbits/sec
